<?xml version="1.0" encoding="UTF-8"?>
<!-- Generated by org.testng.reporters.JUnitReportReporter -->
<testsuite hostname="HIBAML131327" failures="0" tests="1" name="script.DemoTest2" time="25.856" errors="0" timestamp="2023-05-04T11:36:43 IST" skipped="0">
  <testcase classname="script.DemoTest2" name="demoTest2" time="25.856"/>
  <system-out>
    <![CDATA[Facebook â€“ log in or sign up]]>
  </system-out>
</testsuite> <!-- script.DemoTest2 -->
