<?xml version="1.0" encoding="UTF-8"?>
<!-- Generated by org.testng.reporters.JUnitReportReporter -->
<testsuite hostname="HIBAML131327" failures="0" tests="1" name="script.ValidLogin" time="21.577" errors="0" timestamp="2023-05-04T12:44:46 IST" skipped="0">
  <testcase classname="script.ValidLogin" name="testValidLogin" time="21.577"/>
  <system-out>
    <![CDATA[HomePage is Displayed]]>
  </system-out>
</testsuite> <!-- script.ValidLogin -->
